<?xml version="1.0" encoding="UTF-8"?>
<testsuite name="DemoTest" tests="16" skipped="0" failures="0" errors="0" timestamp="2022-03-29T16:10:03" hostname="DESKTOP-IKSRIEF" time="0.11">
  <properties/>
  <testcase name="test_is_NOT_triangle_1" classname="DemoTest" time="0.01"/>
  <testcase name="test_is_NOT_triangle_2" classname="DemoTest" time="0.002"/>
  <testcase name="test_is_NOT_triangle_3" classname="DemoTest" time="0.0"/>
  <testcase name="test_is_NOT_triangle_4" classname="DemoTest" time="0.0"/>
  <testcase name="test_is_NOT_triangle_5" classname="DemoTest" time="0.005"/>
  <testcase name="test_is_NOT_triangle_6" classname="DemoTest" time="0.003"/>
  <testcase name="test_is_NOT_triangle_7" classname="DemoTest" time="0.001"/>
  <testcase name="test_is_NOT_triangle_8" classname="DemoTest" time="0.007"/>
  <testcase name="test_is_NOT_triangle_9" classname="DemoTest" time="0.008"/>
  <testcase name="test_is_triangle_1" classname="DemoTest" time="0.002"/>
  <testcase name="test_is_triangle_2" classname="DemoTest" time="0.001"/>
  <testcase name="test_is_triangle_3" classname="DemoTest" time="0.003"/>
  <testcase name="test_is_triangle_4" classname="DemoTest" time="0.001"/>
  <testcase name="test_is_triangle_5" classname="DemoTest" time="0.0"/>
  <testcase name="test_is_triangle_6" classname="DemoTest" time="0.001"/>
  <testcase name="test_is_triangle_7" classname="DemoTest" time="0.002"/>
  <system-out><![CDATA[]]></system-out>
  <system-err><![CDATA[]]></system-err>
</testsuite>
