<?xml version="1.0" encoding="UTF-8"?>
<testsuite name="Scenario: eaten many cukes" tests="4" skipped="0" failures="0" errors="0" timestamp="2022-05-27T19:21:41" hostname="DESKTOP-IKSRIEF" time="0.023">
  <properties/>
  <testcase name="Given I have eaten 9 cukes" classname="Scenario: eaten many cukes" time="0.002"/>
  <testcase name="When I wait 1 hour" classname="Scenario: eaten many cukes" time="0.009"/>
  <testcase name="Then my Belly should not growl" classname="Scenario: eaten many cukes" time="0.002"/>
  <testcase name="classMethod" classname="Scenario: eaten many cukes" time="0.037"/>
  <system-out><![CDATA[I'm eating 9 cukes!
I ate 9 cucumbers.
]]></system-out>
  <system-err><![CDATA[]]></system-err>
</testsuite>
